# JRE version: OpenJDK Runtime Environment Microsoft-11933218 (21.0.8+9) (build 21.0.8+9-LTS)
# Java VM: OpenJDK 64-Bit Server VM Microsoft-11933218 (21.0.8+9-LTS, mixed mode, sharing, tiered, compressed oops, compressed class ptrs, parallel gc, windows-amd64)
GC Precious Log:
 CardTable entry size: 512
 CPUs: 8 total, 8 available
 Memory: 16163M
 Large Page Support: Disabled
 NUMA Support: Disabled
 Compressed Oops: Enabled (32-bit)
 Alignments: Space 512K, Generation 512K, Heap 2M
 Heap Min Capacity: 100M
 Heap Initial Capacity: 100M
 Heap Max Capacity: 2G
 Pre-touch: Disabled
 Parallel Workers: 8
Heap:
 PSYoungGen      total 10752K, used 8653K [0x00000000d5580000, 0x00000000d6180000, 0x0000000100000000)
  eden space 9216K, 83% used [0x00000000d5580000,0x00000000d5cf8de0,0x00000000d5e80000)
  from space 1536K, 65% used [0x00000000d6000000,0x00000000d60fa978,0x00000000d6180000)
  to   space 1536K, 0% used [0x00000000d5e80000,0x00000000d5e80000,0x00000000d6000000)
 ParOldGen       total 109568K, used 94848K [0x0000000080000000, 0x0000000086b00000, 0x00000000d5580000)
  object space 109568K, 86% used [0x0000000080000000,0x0000000085ca0298,0x0000000086b00000)
 Metaspace       used 69628K, committed 71104K, reserved 1114112K
  class space    used 7379K, committed 8064K, reserved 1048576K
GC Heap History (20 events):
Event: 44.191 GC heap before
{Heap before GC invocations=105 (full 3):
 PSYoungGen      total 10240K, used 9792K [0x00000000d5580000, 0x00000000d6080000, 0x0000000100000000)
  eden space 9216K, 100% used [0x00000000d5580000,0x00000000d5e80000,0x00000000d5e80000)
  from space 1024K, 56% used [0x00000000d5e80000,0x00000000d5f10000,0x00000000d5f80000)
  to   space 1024K, 0% used [0x00000000d5f80000,0x00000000d5f80000,0x00000000d6080000)
 ParOldGen       total 103424K, used 103309K [0x0000000080000000, 0x0000000086500000, 0x00000000d5580000)
  object space 103424K, 99% used [0x0000000080000000,0x00000000864e37f8,0x0000000086500000)
 Metaspace       used 69591K, committed 71040K, reserved 1114112K
  class space    used 7377K, committed 8000K, reserved 1048576K
}
Event: 44.197 GC heap after
{Heap after GC invocations=105 (full 3):
 PSYoungGen      total 9728K, used 384K [0x00000000d5580000, 0x00000000d6000000, 0x0000000100000000)
  eden space 9216K, 0% used [0x00000000d5580000,0x00000000d5580000,0x00000000d5e80000)
  from space 512K, 75% used [0x00000000d5f80000,0x00000000d5fe0000,0x00000000d6000000)
  to   space 512K, 0% used [0x00000000d5f00000,0x00000000d5f00000,0x00000000d5f80000)
 ParOldGen       total 103936K, used 103739K [0x0000000080000000, 0x0000000086580000, 0x00000000d5580000)
  object space 103936K, 99% used [0x0000000080000000,0x000000008654ec18,0x0000000086580000)
 Metaspace       used 69591K, committed 71040K, reserved 1114112K
  class space    used 7377K, committed 8000K, reserved 1048576K
}
Event: 44.238 GC heap before
{Heap before GC invocations=106 (full 3):
 PSYoungGen      total 9728K, used 9600K [0x00000000d5580000, 0x00000000d6000000, 0x0000000100000000)
  eden space 9216K, 100% used [0x00000000d5580000,0x00000000d5e80000,0x00000000d5e80000)
  from space 512K, 75% used [0x00000000d5f80000,0x00000000d5fe0000,0x00000000d6000000)
  to   space 512K, 0% used [0x00000000d5f00000,0x00000000d5f00000,0x00000000d5f80000)
 ParOldGen       total 103936K, used 103739K [0x0000000080000000, 0x0000000086580000, 0x00000000d5580000)
  object space 103936K, 99% used [0x0000000080000000,0x000000008654ec18,0x0000000086580000)
 Metaspace       used 69602K, committed 71104K, reserved 1114112K
  class space    used 7379K, committed 8064K, reserved 1048576K
}
Event: 44.240 GC heap after
{Heap after GC invocations=106 (full 3):
 PSYoungGen      total 9728K, used 493K [0x00000000d5580000, 0x00000000d6380000, 0x0000000100000000)
  eden space 9216K, 0% used [0x00000000d5580000,0x00000000d5580000,0x00000000d5e80000)
  from space 512K, 96% used [0x00000000d5f00000,0x00000000d5f7b6f0,0x00000000d5f80000)
  to   space 2560K, 0% used [0x00000000d6100000,0x00000000d6100000,0x00000000d6380000)
 ParOldGen       total 105472K, used 105248K [0x0000000080000000, 0x0000000086700000, 0x00000000d5580000)
  object space 105472K, 99% used [0x0000000080000000,0x00000000866c8240,0x0000000086700000)
 Metaspace       used 69602K, committed 71104K, reserved 1114112K
  class space    used 7379K, committed 8064K, reserved 1048576K
}
Event: 44.279 GC heap before
{Heap before GC invocations=107 (full 3):
 PSYoungGen      total 9728K, used 9709K [0x00000000d5580000, 0x00000000d6380000, 0x0000000100000000)
  eden space 9216K, 100% used [0x00000000d5580000,0x00000000d5e80000,0x00000000d5e80000)
  from space 512K, 96% used [0x00000000d5f00000,0x00000000d5f7b6f0,0x00000000d5f80000)
  to   space 2560K, 0% used [0x00000000d6100000,0x00000000d6100000,0x00000000d6380000)
 ParOldGen       total 105472K, used 105248K [0x0000000080000000, 0x0000000086700000, 0x00000000d5580000)
  object space 105472K, 99% used [0x0000000080000000,0x00000000866c8240,0x0000000086700000)
 Metaspace       used 69602K, committed 71104K, reserved 1114112K
  class space    used 7379K, committed 8064K, reserved 1048576K
}
Event: 44.281 GC heap after
{Heap after GC invocations=107 (full 3):
 PSYoungGen      total 10240K, used 868K [0x00000000d5580000, 0x00000000d6200000, 0x0000000100000000)
  eden space 9216K, 0% used [0x00000000d5580000,0x00000000d5580000,0x00000000d5e80000)
  from space 1024K, 84% used [0x00000000d6100000,0x00000000d61d9228,0x00000000d6200000)
  to   space 1536K, 0% used [0x00000000d5f00000,0x00000000d5f00000,0x00000000d6080000)
 ParOldGen       total 105984K, used 105950K [0x0000000080000000, 0x0000000086780000, 0x00000000d5580000)
  object space 105984K, 99% used [0x0000000080000000,0x00000000867779d8,0x0000000086780000)
 Metaspace       used 69602K, committed 71104K, reserved 1114112K
  class space    used 7379K, committed 8064K, reserved 1048576K
}
Event: 44.312 GC heap before
{Heap before GC invocations=108 (full 3):
 PSYoungGen      total 10240K, used 10084K [0x00000000d5580000, 0x00000000d6200000, 0x0000000100000000)
  eden space 9216K, 100% used [0x00000000d5580000,0x00000000d5e80000,0x00000000d5e80000)
  from space 1024K, 84% used [0x00000000d6100000,0x00000000d61d9228,0x00000000d6200000)
  to   space 1536K, 0% used [0x00000000d5f00000,0x00000000d5f00000,0x00000000d6080000)
 ParOldGen       total 105984K, used 105950K [0x0000000080000000, 0x0000000086780000, 0x00000000d5580000)
  object space 105984K, 99% used [0x0000000080000000,0x00000000867779d8,0x0000000086780000)
 Metaspace       used 69610K, committed 71104K, reserved 1114112K
  class space    used 7379K, committed 8064K, reserved 1048576K
}
Event: 44.314 GC heap after
{Heap after GC invocations=108 (full 3):
 PSYoungGen      total 10752K, used 1423K [0x00000000d5580000, 0x00000000d6180000, 0x0000000100000000)
  eden space 9216K, 0% used [0x00000000d5580000,0x00000000d5580000,0x00000000d5e80000)
  from space 1536K, 92% used [0x00000000d5f00000,0x00000000d6063fa8,0x00000000d6080000)
  to   space 1024K, 0% used [0x00000000d6080000,0x00000000d6080000,0x00000000d6180000)
 ParOldGen       total 106496K, used 106102K [0x0000000080000000, 0x0000000086800000, 0x00000000d5580000)
  object space 106496K, 99% used [0x0000000080000000,0x000000008679d9d8,0x0000000086800000)
 Metaspace       used 69610K, committed 71104K, reserved 1114112K
  class space    used 7379K, committed 8064K, reserved 1048576K
}
Event: 44.373 GC heap before
{Heap before GC invocations=109 (full 3):
 PSYoungGen      total 10752K, used 10607K [0x00000000d5580000, 0x00000000d6180000, 0x0000000100000000)
  eden space 9216K, 99% used [0x00000000d5580000,0x00000000d5e77f58,0x00000000d5e80000)
  from space 1536K, 92% used [0x00000000d5f00000,0x00000000d6063fa8,0x00000000d6080000)
  to   space 1024K, 0% used [0x00000000d6080000,0x00000000d6080000,0x00000000d6180000)
 ParOldGen       total 106496K, used 106102K [0x0000000080000000, 0x0000000086800000, 0x00000000d5580000)
  object space 106496K, 99% used [0x0000000080000000,0x000000008679d9d8,0x0000000086800000)
 Metaspace       used 69611K, committed 71104K, reserved 1114112K
  class space    used 7379K, committed 8064K, reserved 1048576K
}
Event: 44.374 GC heap after
{Heap after GC invocations=109 (full 3):
 PSYoungGen      total 10240K, used 876K [0x00000000d5580000, 0x00000000d6180000, 0x0000000100000000)
  eden space 9216K, 0% used [0x00000000d5580000,0x00000000d5580000,0x00000000d5e80000)
  from space 1024K, 85% used [0x00000000d6080000,0x00000000d615b218,0x00000000d6180000)
  to   space 1536K, 0% used [0x00000000d5e80000,0x00000000d5e80000,0x00000000d6000000)
 ParOldGen       total 106496K, used 106408K [0x0000000080000000, 0x0000000086800000, 0x00000000d5580000)
  object space 106496K, 99% used [0x0000000080000000,0x00000000867ea278,0x0000000086800000)
 Metaspace       used 69611K, committed 71104K, reserved 1114112K
  class space    used 7379K, committed 8064K, reserved 1048576K
}
Event: 44.404 GC heap before
{Heap before GC invocations=110 (full 3):
 PSYoungGen      total 10240K, used 10092K [0x00000000d5580000, 0x00000000d6180000, 0x0000000100000000)
  eden space 9216K, 100% used [0x00000000d5580000,0x00000000d5e80000,0x00000000d5e80000)
  from space 1024K, 85% used [0x00000000d6080000,0x00000000d615b218,0x00000000d6180000)
  to   space 1536K, 0% used [0x00000000d5e80000,0x00000000d5e80000,0x00000000d6000000)
 ParOldGen       total 106496K, used 106408K [0x0000000080000000, 0x0000000086800000, 0x00000000d5580000)
  object space 106496K, 99% used [0x0000000080000000,0x00000000867ea278,0x0000000086800000)
 Metaspace       used 69613K, committed 71104K, reserved 1114112K
  class space    used 7379K, committed 8064K, reserved 1048576K
}
Event: 44.407 GC heap after
{Heap after GC invocations=110 (full 3):
 PSYoungGen      total 10752K, used 1370K [0x00000000d5580000, 0x00000000d6180000, 0x0000000100000000)
  eden space 9216K, 0% used [0x00000000d5580000,0x00000000d5580000,0x00000000d5e80000)
  from space 1536K, 89% used [0x00000000d5e80000,0x00000000d5fd6b78,0x00000000d6000000)
  to   space 1536K, 0% used [0x00000000d6000000,0x00000000d6000000,0x00000000d6180000)
 ParOldGen       total 107008K, used 106850K [0x0000000080000000, 0x0000000086880000, 0x00000000d5580000)
  object space 107008K, 99% used [0x0000000080000000,0x0000000086858958,0x0000000086880000)
 Metaspace       used 69613K, committed 71104K, reserved 1114112K
  class space    used 7379K, committed 8064K, reserved 1048576K
}
Event: 44.439 GC heap before
{Heap before GC invocations=111 (full 3):
 PSYoungGen      total 10752K, used 10586K [0x00000000d5580000, 0x00000000d6180000, 0x0000000100000000)
  eden space 9216K, 100% used [0x00000000d5580000,0x00000000d5e80000,0x00000000d5e80000)
  from space 1536K, 89% used [0x00000000d5e80000,0x00000000d5fd6b78,0x00000000d6000000)
  to   space 1536K, 0% used [0x00000000d6000000,0x00000000d6000000,0x00000000d6180000)
 ParOldGen       total 107008K, used 106991K [0x0000000080000000, 0x0000000086880000, 0x00000000d5580000)
  object space 107008K, 99% used [0x0000000080000000,0x000000008687be58,0x0000000086880000)
 Metaspace       used 69613K, committed 71104K, reserved 1114112K
  class space    used 7379K, committed 8064K, reserved 1048576K
}
Event: 44.441 GC heap after
{Heap after GC invocations=111 (full 3):
 PSYoungGen      total 9728K, used 352K [0x00000000d5580000, 0x00000000d6080000, 0x0000000100000000)
  eden space 9216K, 0% used [0x00000000d5580000,0x00000000d5580000,0x00000000d5e80000)
  from space 512K, 68% used [0x00000000d6000000,0x00000000d6058010,0x00000000d6080000)
  to   space 1024K, 0% used [0x00000000d5e80000,0x00000000d5e80000,0x00000000d5f80000)
 ParOldGen       total 108544K, used 108173K [0x0000000080000000, 0x0000000086a00000, 0x00000000d5580000)
  object space 108544K, 99% used [0x0000000080000000,0x00000000869a3618,0x0000000086a00000)
 Metaspace       used 69613K, committed 71104K, reserved 1114112K
  class space    used 7379K, committed 8064K, reserved 1048576K
}
Event: 44.479 GC heap before
{Heap before GC invocations=112 (full 3):
 PSYoungGen      total 9728K, used 9568K [0x00000000d5580000, 0x00000000d6080000, 0x0000000100000000)
  eden space 9216K, 100% used [0x00000000d5580000,0x00000000d5e80000,0x00000000d5e80000)
  from space 512K, 68% used [0x00000000d6000000,0x00000000d6058010,0x00000000d6080000)
  to   space 1024K, 0% used [0x00000000d5e80000,0x00000000d5e80000,0x00000000d5f80000)
 ParOldGen       total 108544K, used 108176K [0x0000000080000000, 0x0000000086a00000, 0x00000000d5580000)
  object space 108544K, 99% used [0x0000000080000000,0x00000000869a43b8,0x0000000086a00000)
 Metaspace       used 69619K, committed 71104K, reserved 1114112K
  class space    used 7379K, committed 8064K, reserved 1048576K
}
Event: 44.482 GC heap after
{Heap after GC invocations=112 (full 3):
 PSYoungGen      total 10240K, used 1011K [0x00000000d5580000, 0x00000000d6280000, 0x0000000100000000)
  eden space 9216K, 0% used [0x00000000d5580000,0x00000000d5580000,0x00000000d5e80000)
  from space 1024K, 98% used [0x00000000d5e80000,0x00000000d5f7ce80,0x00000000d5f80000)
  to   space 2048K, 0% used [0x00000000d6080000,0x00000000d6080000,0x00000000d6280000)
 ParOldGen       total 109056K, used 108714K [0x0000000080000000, 0x0000000086a80000, 0x00000000d5580000)
  object space 109056K, 99% used [0x0000000080000000,0x0000000086a2a948,0x0000000086a80000)
 Metaspace       used 69619K, committed 71104K, reserved 1114112K
  class space    used 7379K, committed 8064K, reserved 1048576K
}
Event: 44.518 GC heap before
{Heap before GC invocations=113 (full 3):
 PSYoungGen      total 10240K, used 10227K [0x00000000d5580000, 0x00000000d6280000, 0x0000000100000000)
  eden space 9216K, 100% used [0x00000000d5580000,0x00000000d5e80000,0x00000000d5e80000)
  from space 1024K, 98% used [0x00000000d5e80000,0x00000000d5f7ce80,0x00000000d5f80000)
  to   space 2048K, 0% used [0x00000000d6080000,0x00000000d6080000,0x00000000d6280000)
 ParOldGen       total 109056K, used 108714K [0x0000000080000000, 0x0000000086a80000, 0x00000000d5580000)
  object space 109056K, 99% used [0x0000000080000000,0x0000000086a2a948,0x0000000086a80000)
 Metaspace       used 69619K, committed 71104K, reserved 1114112K
  class space    used 7379K, committed 8064K, reserved 1048576K
}
Event: 44.520 GC heap after
{Heap after GC invocations=113 (full 3):
 PSYoungGen      total 10240K, used 10227K [0x00000000d5580000, 0x00000000d6280000, 0x0000000100000000)
  eden space 9216K, 100% used [0x00000000d5580000,0x00000000d5e80000,0x00000000d5e80000)
  from space 1024K, 98% used [0x00000000d5e80000,0x00000000d5f7ce80,0x00000000d5f80000)
  to   space 2048K, 28% used [0x00000000d6080000,0x00000000d6110000,0x00000000d6280000)
 ParOldGen       total 109568K, used 109483K [0x0000000080000000, 0x0000000086b00000, 0x00000000d5580000)
  object space 109568K, 99% used [0x0000000080000000,0x0000000086aeac60,0x0000000086b00000)
 Metaspace       used 69619K, committed 71104K, reserved 1114112K
  class space    used 7379K, committed 8064K, reserved 1048576K
}
Event: 44.520 GC heap before
{Heap before GC invocations=114 (full 4):
 PSYoungGen      total 10240K, used 10227K [0x00000000d5580000, 0x00000000d6280000, 0x0000000100000000)
  eden space 9216K, 100% used [0x00000000d5580000,0x00000000d5e80000,0x00000000d5e80000)
  from space 1024K, 98% used [0x00000000d5e80000,0x00000000d5f7ce80,0x00000000d5f80000)
  to   space 2048K, 28% used [0x00000000d6080000,0x00000000d6110000,0x00000000d6280000)
 ParOldGen       total 109568K, used 109483K [0x0000000080000000, 0x0000000086b00000, 0x00000000d5580000)
  object space 109568K, 99% used [0x0000000080000000,0x0000000086aeac60,0x0000000086b00000)
 Metaspace       used 69619K, committed 71104K, reserved 1114112K
  class space    used 7379K, committed 8064K, reserved 1048576K
}
Event: 44.680 GC heap after
{Heap after GC invocations=114 (full 4):
 PSYoungGen      total 11264K, used 0K [0x00000000d5580000, 0x00000000d6280000, 0x0000000100000000)
  eden space 9216K, 0% used [0x00000000d5580000,0x00000000d5580000,0x00000000d5e80000)
  from space 2048K, 0% used [0x00000000d6080000,0x00000000d6080000,0x00000000d6280000)
  to   space 2048K, 0% used [0x00000000d5e80000,0x00000000d5e80000,0x00000000d6080000)
 ParOldGen       total 109568K, used 93574K [0x0000000080000000, 0x0000000086b00000, 0x00000000d5580000)
  object space 109568K, 85% used [0x0000000080000000,0x0000000085b61a40,0x0000000086b00000)
 Metaspace       used 69619K, committed 71104K, reserved 1114112K
  class space    used 7379K, committed 8064K, reserved 1048576K
}

